<?xml version="1.0" encoding="UTF-8"?>
<testsuite name="com.vm.vendendingmachine.VendingMachineTest" tests="74" skipped="0" failures="0" errors="0" timestamp="2020-12-17T01:05:51" hostname="Subrahmanyas-MacBook-Pro.local" time="0.04">
  <properties/>
  <testcase name="pickItemFromStockReturnsItemInStockOfSpecifiedType" classname="com.vm.vendendingmachine.VendingMachineTest" time="0.003"/>
  <testcase name="countQuartersInBankReturnsTwoWhenTwoQuartersAreInBank" classname="com.vm.vendendingmachine.VendingMachineTest" time="0.0"/>
  <testcase name="whenIdCoinIsPassedAQuarterItReturnsQuarter" classname="com.vm.vendendingmachine.VendingMachineTest" time="0.0"/>
  <testcase name="calcMoneyInHoldReturnsZeroWhenOneQuarterIsAcceptedAndReturnCoinsIsRun" classname="com.vm.vendendingmachine.VendingMachineTest" time="0.0"/>
  <testcase name="calcNumOfDimesInChangeReturnsTwoWhenChangeEqualsZeroPointTwoZero" classname="com.vm.vendendingmachine.VendingMachineTest" time="0.001"/>
  <testcase name="countDimesInBankReturnsThreeWhenThreeDimesAreInBank" classname="com.vm.vendendingmachine.VendingMachineTest" time="0.001"/>
  <testcase name="countNickelsInBankReturnsOneWhenOneNickelIsInBank" classname="com.vm.vendendingmachine.VendingMachineTest" time="0.001"/>
  <testcase name="calcNumOfQuartersInChangeReturnsOneWhenChangeEqualsZeroPointTwoFive" classname="com.vm.vendendingmachine.VendingMachineTest" time="0.0"/>
  <testcase name="countQuartersInCoinReturnReturnsTwoWhenTwoQuartersAreAcceptedAndReturnCoinsIsRun" classname="com.vm.vendendingmachine.VendingMachineTest" time="0.001"/>
  <testcase name="countDimesInBankReturnsOneWhenOneDimeIsInBank" classname="com.vm.vendendingmachine.VendingMachineTest" time="0.0"/>
  <testcase name="calcNumOfDimesInChangeReturnsZeroWhenChangeEqualsZeroPointZeroFive" classname="com.vm.vendendingmachine.VendingMachineTest" time="0.0"/>
  <testcase name="stockItemAddscokeToStock" classname="com.vm.vendendingmachine.VendingMachineTest" time="0.0"/>
  <testcase name="calcMoneyInHoldReturnsZeroAndQuarterIsInCoinReturnWhenOneQuarterIsAcceptedAndReturnCoinsIsRun" classname="com.vm.vendendingmachine.VendingMachineTest" time="0.0"/>
  <testcase name="countNickelsInBankReturnsTwoWhenTwoNickelsAreInBank" classname="com.vm.vendendingmachine.VendingMachineTest" time="0.0"/>
  <testcase name="countNickelsInCoinReturnReturnsTwoWhenTwoNickelsAreAcceptedAndReturnCoinsIsRun" classname="com.vm.vendendingmachine.VendingMachineTest" time="0.001"/>
  <testcase name="returnChangeTakesQuarterFromBankAndAddsItToCoinReturnWhenChangeEqualsZeroPointTwoFive" classname="com.vm.vendendingmachine.VendingMachineTest" time="0.001"/>
  <testcase name="calcMoneyInHoldReturnsZeroPointThreeFiveWhenAcceptCoinIsPassedOneQuarterAndOneDime" classname="com.vm.vendendingmachine.VendingMachineTest" time="0.0"/>
  <testcase name="calcMoneyInHoldReturnsZeroPointTwoFiveWhenAcceptCoinIsPassedOneQuarter" classname="com.vm.vendendingmachine.VendingMachineTest" time="0.001"/>
  <testcase name="whenIdCoinIsPassedAPennyItReturnsPenny" classname="com.vm.vendendingmachine.VendingMachineTest" time="0.001"/>
  <testcase name="countPenniesInCoinReturnReturnsOneWhenOnePennyIsAccepted" classname="com.vm.vendendingmachine.VendingMachineTest" time="0.0"/>
  <testcase name="acceptCoinPutsCoinInHoldIfItIsADime" classname="com.vm.vendendingmachine.VendingMachineTest" time="0.0"/>
  <testcase name="whenIdCoinIsPassedADimeItReturnsDime" classname="com.vm.vendendingmachine.VendingMachineTest" time="0.0"/>
  <testcase name="countQuartersInBankReturnsThreeWhenThreeQuartersAreInBank" classname="com.vm.vendendingmachine.VendingMachineTest" time="0.0"/>
  <testcase name="calcNumOfDimesInChangeReturnsOneWhenChangeEqualsZeroPointThreeFive" classname="com.vm.vendendingmachine.VendingMachineTest" time="0.0"/>
  <testcase name="countDimesInCoinReturnReturnsOneWhenOneDimeIsAcceptedAndReturnCoinsIsRun" classname="com.vm.vendendingmachine.VendingMachineTest" time="0.0"/>
  <testcase name="checkStockReturnsFalseWhensodaItemIsStockedAndThenDispenseItemIsPassedThatsodaItem" classname="com.vm.vendendingmachine.VendingMachineTest" time="0.001"/>
  <testcase name="countDimesInCoinReturnReturnsTwoWhenTwoDimesAreAcceptedAndReturnCoinsIsRun" classname="com.vm.vendendingmachine.VendingMachineTest" time="0.0"/>
  <testcase name="returnChangeTakesOneQuarterOneDimeAndOneNickelFromBankAndAddsThemToCoinReturnWhenChangeEqualsZeroPointFourZero" classname="com.vm.vendendingmachine.VendingMachineTest" time="0.0"/>
  <testcase name="emptyCoinReturnClearsCoinReturn" classname="com.vm.vendendingmachine.VendingMachineTest" time="0.0"/>
  <testcase name="acceptCoinPutsCoinInCoinHold" classname="com.vm.vendendingmachine.VendingMachineTest" time="0.0"/>
  <testcase name="countNickelsInCoinReturnReturnsOneWhenOneNickelIsAcceptedAndReturnCoinsIsRun" classname="com.vm.vendendingmachine.VendingMachineTest" time="0.0"/>
  <testcase name="makeChangeReturnsZeroPointTwoFiveWhenThreeQuartersAreAcceptedAndItsPassedApepsiItem" classname="com.vm.vendendingmachine.VendingMachineTest" time="0.0"/>
  <testcase name="calcMoneyInHoldReturnsZeroAndCoinsInHoldArePutInBankWhenOneQuarterIsAcceptedAndBankCoinsIsRun" classname="com.vm.vendendingmachine.VendingMachineTest" time="0.0"/>
  <testcase name="calcNumOfQuartersInChangeReturnsThreeWhenChangeEqualsZeroPointNineZero" classname="com.vm.vendendingmachine.VendingMachineTest" time="0.0"/>
  <testcase name="calcNumOfNickelsInChangeReturnsZeroWhenChangeEqualsZeroPointThreeFive" classname="com.vm.vendendingmachine.VendingMachineTest" time="0.0"/>
  <testcase name="checkSufficientFundsReturnsFalseWhenPassedpepsiItemAndOneQuarterIsAccepted" classname="com.vm.vendendingmachine.VendingMachineTest" time="0.0"/>
  <testcase name="makeChangeReturnsZeroPointZeroFiveWhenTwoQuartersAndTwoDimesAreAcceptedAndItsPassedAcokeItem" classname="com.vm.vendendingmachine.VendingMachineTest" time="0.001"/>
  <testcase name="checkStockReturnsTrueBothWhenPassedcokeAndWhenPassedsodaWhencokeItemAndsodaItemAreStocked" classname="com.vm.vendendingmachine.VendingMachineTest" time="0.0"/>
  <testcase name="acceptCoinPutsCoinInHoldIfItIsAQuarter" classname="com.vm.vendendingmachine.VendingMachineTest" time="0.0"/>
  <testcase name="acceptCoinPutsCoinInCoinReturnIfItsAPenny" classname="com.vm.vendendingmachine.VendingMachineTest" time="0.0"/>
  <testcase name="checkSufficientFundsReturnsTrueWhenPassedpepsiItemAndThreeQuartersAreAccepted" classname="com.vm.vendendingmachine.VendingMachineTest" time="0.0"/>
  <testcase name="calcMoneyInHoldReturnsZeroWhenOneQuarterIsAcceptedAndBankCoinsIsRun" classname="com.vm.vendendingmachine.VendingMachineTest" time="0.0"/>
  <testcase name="checkSufficientFundsReturnsTrueWhenPassedpepsiItemAndTwoQuartersAreAccepted" classname="com.vm.vendendingmachine.VendingMachineTest" time="0.0"/>
  <testcase name="checkStockReturnsFalseWhenPassedsodaAndOnlycokeItemIsStocked" classname="com.vm.vendendingmachine.VendingMachineTest" time="0.0"/>
  <testcase name="checkExactChangeNeededReturnsFalseWhenFiveQuartersFiveNickelsAndFiveDimesAreInBank" classname="com.vm.vendendingmachine.VendingMachineTest" time="0.0"/>
  <testcase name="countNickelsInBankReturnsThreeWhenThreeNickelsAreInBank" classname="com.vm.vendendingmachine.VendingMachineTest" time="0.0"/>
  <testcase name="checkExactChangeNeededReturnsTrueWhenFourQuartersFiveNickelsAndFiveDimesAreInBank" classname="com.vm.vendendingmachine.VendingMachineTest" time="0.0"/>
  <testcase name="countQuartersInBankReturnsOneWhenOneQuarterIsInBank" classname="com.vm.vendendingmachine.VendingMachineTest" time="0.0"/>
  <testcase name="calcNumOfDimesInChangeReturnsOneWhenChangeEqualsZeroPointSixFive" classname="com.vm.vendendingmachine.VendingMachineTest" time="0.0"/>
  <testcase name="countDimesInBankReturnsTwoWhenTwoDimesAreInBank" classname="com.vm.vendendingmachine.VendingMachineTest" time="0.0"/>
  <testcase name="stockItemAddspepsiToStock" classname="com.vm.vendendingmachine.VendingMachineTest" time="0.0"/>
  <testcase name="checkStockReturnsTrueWhenPassedcokeAndcokeItemIsStocked" classname="com.vm.vendendingmachine.VendingMachineTest" time="0.0"/>
  <testcase name="calcMoneyInHoldReturnsZeroPointFiveWhenAcceptCoinIsPassedTwoQuarters" classname="com.vm.vendendingmachine.VendingMachineTest" time="0.001"/>
  <testcase name="calcNumOfQuartersInChangeReturnsThreeWhenChangeEqualsZeroPointSevenFive" classname="com.vm.vendendingmachine.VendingMachineTest" time="0.0"/>
  <testcase name="calcMoneyInHoldReturnsZeroPointThreeWhenAcceptCoinIsPassedOneQuarterAndOneNickel" classname="com.vm.vendendingmachine.VendingMachineTest" time="0.0"/>
  <testcase name="calcNumOfNickelsInChangeReturnsOneWhenChangeEqualsZeroPointZeroFive" classname="com.vm.vendendingmachine.VendingMachineTest" time="0.0"/>
  <testcase name="whenIdCoinIsPassedANickleItReturnsNickel" classname="com.vm.vendendingmachine.VendingMachineTest" time="0.0"/>
  <testcase name="calcNumOfNickelsInChangeReturnsZeroWhenChangeEqualsZeroPointTwoFive" classname="com.vm.vendendingmachine.VendingMachineTest" time="0.0"/>
  <testcase name="stockItemAddssodaToStock" classname="com.vm.vendendingmachine.VendingMachineTest" time="0.0"/>
  <testcase name="checkExactChangeNeededReturnsTrueWhenFiveQuartersFiveNickelsAndFourDimesAreInBank" classname="com.vm.vendendingmachine.VendingMachineTest" time="0.002"/>
  <testcase name="checkExactChangeNeededReturnsTrueWhenFiveQuartersFourNickelsAndFiveDimesAreInBank" classname="com.vm.vendendingmachine.VendingMachineTest" time="0.0"/>
  <testcase name="checkStockReturnsTrueWhenPassedcokeAndBothcokeItemAndsodaItemsAreStocked" classname="com.vm.vendendingmachine.VendingMachineTest" time="0.0"/>
  <testcase name="calcNumOfNickelsInChangeReturnsOneWhenChangeEqualsZeroPointOneFive" classname="com.vm.vendendingmachine.VendingMachineTest" time="0.0"/>
  <testcase name="countQuartersInCoinReturnReturnsOneWhenOneQuarterIsAcceptedAndReturnCoinsIsRun" classname="com.vm.vendendingmachine.VendingMachineTest" time="0.0"/>
  <testcase name="calcNumOfQuartersInChangeReturnsZeroWhenChangeEqualsZeroPointOneZero" classname="com.vm.vendendingmachine.VendingMachineTest" time="0.0"/>
  <testcase name="returnChangeTakesDimeFromBankAndAddsItToCoinReturnWhenChangeEqualsZeroPointOneZero" classname="com.vm.vendendingmachine.VendingMachineTest" time="0.0"/>
  <testcase name="checkStockReturnsFalseWhenpepsiItemIsStockedAndThenDispenseItemIsPassedThatpepsiItem" classname="com.vm.vendendingmachine.VendingMachineTest" time="0.0"/>
  <testcase name="returnChangeTakesNickelFromBankAndAddsItToCoinReturnWhenChangeEqualsZeroPointZeroFive" classname="com.vm.vendendingmachine.VendingMachineTest" time="0.0"/>
  <testcase name="calcNumOfDimesInChangeReturnsOneWhenChangeEqualsZeroPointOneZero" classname="com.vm.vendendingmachine.VendingMachineTest" time="0.0"/>
  <testcase name="acceptCoinPutsCoinInHoldIfItIsANickel" classname="com.vm.vendendingmachine.VendingMachineTest" time="0.0"/>
  <testcase name="calcNumOfQuartersInChangeReturnsTwoWhenChangeEqualsZeroPointFiveZero" classname="com.vm.vendendingmachine.VendingMachineTest" time="0.001"/>
  <testcase name="countPenniesInCoinReturnReturnsTwoWhenTwoPenniesAreAccepted" classname="com.vm.vendendingmachine.VendingMachineTest" time="0.0"/>
  <testcase name="checkStockReturnsTrueBothWhenPassedcokeAndWhenPassedsodaButFalseWhenPassedpepsiWhencokeItemAndsodaItemAreStocked" classname="com.vm.vendendingmachine.VendingMachineTest" time="0.0"/>
  <testcase name="calcMoneyInHoldReturnsZeroAndCoinsInHoldArePutInBankWhenOneQuarterAndOneDimeIsAcceptedAndBankCoinsIsRun" classname="com.vm.vendendingmachine.VendingMachineTest" time="0.0"/>
  <system-out><![CDATA[]]></system-out>
  <system-err><![CDATA[]]></system-err>
</testsuite>
